<?xml version="1.0" encoding="utf-8" standalone="no"?>
<test-results xmlns:xsi="http://www.w3.org/2001/XMLSchema-instance" xsi:noNamespaceSchemaLocation="nunit_schema_2.5.xsd" name="Pester" total="32" errors="0" failures="0" not-run="0" inconclusive="0" ignored="0" skipped="0" invalid="0" date="2022-05-14" time="01:33:33">
  <environment machine-name="875893f4946d" user-domain="" platform="Linux" user="csuser" nunit-version="2.5.8.0" clr-version="Unknown" os-version="5.10.102.1-microsoft-standard-WSL2" cwd="/tests" />
  <culture-info current-culture="en-US" current-uiculture="en-US" />
  <test-suite type="TestFixture" name="Pester" executed="True" result="Success" success="True" time="27.3751" asserts="0" description="Pester">
    <results>
      <test-suite type="TestFixture" name="/tests/PSinLinuxCloudShellImage.Tests.ps1" executed="True" result="Success" success="True" time="27.3751" asserts="0" description="/tests/PSinLinuxCloudShellImage.Tests.ps1">
        <results>
          <test-suite type="TestFixture" name="Various programs installed with expected versions" executed="True" result="Success" success="True" time="7.0435" asserts="0" description="Various programs installed with expected versions">
            <results>
              <test-case description="Base OS - CBL-D 10" name="Various programs installed with expected versions.Base OS - CBL-D 10" time="0.102" asserts="0" success="True" result="Success" executed="True" />
              <test-case description="Static Versions" name="Various programs installed with expected versions.Static Versions" time="0.0063" asserts="0" success="True" result="Success" executed="True" />
              <test-case description="Some Versions Installed" name="Various programs installed with expected versions.Some Versions Installed" time="0.0881" asserts="0" success="True" result="Success" executed="True" />
              <test-case description="startupscript" name="Various programs installed with expected versions.startupscript" time="0.0148" asserts="0" success="True" result="Success" executed="True" />
              <test-case description="az cli extensions" name="Various programs installed with expected versions.az cli extensions" time="0.2775" asserts="0" success="True" result="Success" executed="True" />
              <test-case description="Compare bash commands to baseline" name="Various programs installed with expected versions.Compare bash commands to baseline" time="0.0679" asserts="0" success="True" result="Success" executed="True" />
              <test-case description="has local paths in $PATH" name="Various programs installed with expected versions.has local paths in $PATH" time="0.0085" asserts="0" success="True" result="Success" executed="True" />
              <test-case description="Ansible pwsh has modules" name="Various programs installed with expected versions.Ansible pwsh has modules" time="0.1655" asserts="0" success="True" result="Success" executed="True" />
              <test-case description="Has various environment vars" name="Various programs installed with expected versions.Has various environment vars" time="0.0055" asserts="0" success="True" result="Success" executed="True" />
            </results>
          </test-suite>
          <test-suite type="TestFixture" name="PowerShell Modules" executed="True" result="Success" success="True" time="27.1102" asserts="0" description="PowerShell Modules">
            <results>
              <test-case description="Single version of Modules are installed" name="PowerShell Modules.Single version of Modules are installed" time="0.1403" asserts="0" success="True" result="Success" executed="True" />
              <test-case description="Az PowerShell Module" name="PowerShell Modules.Az PowerShell Module" time="0.4335" asserts="0" success="True" result="Success" executed="True" />
              <test-case description="Az.Accounts PowerShell Module" name="PowerShell Modules.Az.Accounts PowerShell Module" time="0.4031" asserts="0" success="True" result="Success" executed="True" />
              <test-case description="Az.Resources PowerShell Module" name="PowerShell Modules.Az.Resources PowerShell Module" time="0.4119" asserts="0" success="True" result="Success" executed="True" />
              <test-case description="SHiPS PowerShell Module" name="PowerShell Modules.SHiPS PowerShell Module" time="0.4159" asserts="0" success="True" result="Success" executed="True" />
              <test-case description="AzurePSDrive PowerShell Module" name="PowerShell Modules.AzurePSDrive PowerShell Module" time="0.0117" asserts="0" success="True" result="Success" executed="True" />
              <test-case description="PSCloudShellUtility PowerShell Module" name="PowerShell Modules.PSCloudShellUtility PowerShell Module" time="0.0117" asserts="0" success="True" result="Success" executed="True" />
              <test-case description="EXOConnector PowerShell Module" name="PowerShell Modules.EXOConnector PowerShell Module" time="0.0489" asserts="0" success="True" result="Success" executed="True" />
              <test-case description="PowerBI PowerShell Module" name="PowerShell Modules.PowerBI PowerShell Module" time="0.0089" asserts="0" success="True" result="Success" executed="True" />
              <test-case description="Az.GuestConfiguration PowerShell Module" name="PowerShell Modules.Az.GuestConfiguration PowerShell Module" time="0.0134" asserts="0" success="True" result="Success" executed="True" />
              <test-case description="MicrosoftTeams PowerShell Module" name="PowerShell Modules.MicrosoftTeams PowerShell Module" time="0.8753" asserts="0" success="True" result="Success" executed="True" />
              <test-case description="Microsoft.PowerShell.UnixCompleters PowerShell Module" name="PowerShell Modules.Microsoft.PowerShell.UnixCompleters PowerShell Module" time="0.0248" asserts="0" success="True" result="Success" executed="True" />
              <test-case description="Initialize AzureAD.Standard.Preview Module" name="PowerShell Modules.Initialize AzureAD.Standard.Preview Module" time="0.491" asserts="0" success="True" result="Success" executed="True" />
              <test-suite type="ParameterizedTest" name="PowerShell Modules.Import-Module test for &lt;ModuleName&gt;" executed="True" result="Success" success="True" time="16.7661" asserts="0" description="Import-Module test for &lt;ModuleName&gt;">
                <results>
                  <test-case description="Import-Module test for Microsoft.PowerShell.Management" name="PowerShell Modules.Import-Module test for Microsoft.PowerShell.Management" time="0.0154" asserts="0" success="True" result="Success" executed="True" />
                  <test-case description="Import-Module test for PSCloudShellUtility" name="PowerShell Modules.Import-Module test for PSCloudShellUtility" time="0.0834" asserts="0" success="True" result="Success" executed="True" />
                  <test-case description="Import-Module test for SHiPS" name="PowerShell Modules.Import-Module test for SHiPS" time="0.1224" asserts="0" success="True" result="Success" executed="True" />
                  <test-case description="Import-Module test for AzureAD.Standard.Preview" name="PowerShell Modules.Import-Module test for AzureAD.Standard.Preview" time="0.0995" asserts="0" success="True" result="Success" executed="True" />
                  <test-case description="Import-Module test for Az" name="PowerShell Modules.Import-Module test for Az" time="15.0839" asserts="0" success="True" result="Success" executed="True" />
                  <test-case description="Import-Module test for MicrosoftPowerBIMgmt" name="PowerShell Modules.Import-Module test for MicrosoftPowerBIMgmt" time="1.0605" asserts="0" success="True" result="Success" executed="True" />
                  <test-case description="Import-Module test for Az.GuestConfiguration" name="PowerShell Modules.Import-Module test for Az.GuestConfiguration" time="0.1792" asserts="0" success="True" result="Success" executed="True" />
                  <test-case description="Import-Module test for EXOPSSessionConnector" name="PowerShell Modules.Import-Module test for EXOPSSessionConnector" time="0.0157" asserts="0" success="True" result="Success" executed="True" />
                  <test-case description="Import-Module test for MicrosoftTeams" name="PowerShell Modules.Import-Module test for MicrosoftTeams" time="0.0339" asserts="0" success="True" result="Success" executed="True" />
                  <test-case description="Import-Module test for Microsoft.PowerShell.UnixCompleters" name="PowerShell Modules.Import-Module test for Microsoft.PowerShell.UnixCompleters" time="0.0724" asserts="0" success="True" result="Success" executed="True" />
                </results>
              </test-suite>
            </results>
          </test-suite>
        </results>
      </test-suite>
    </results>
  </test-suite>
</test-results>