<?xml version="1.0" encoding="utf-8" standalone="no"?>
<test-results xmlns:xsi="http://www.w3.org/2001/XMLSchema-instance" xsi:noNamespaceSchemaLocation="nunit_schema_2.5.xsd" name="Pester" total="30" errors="0" failures="0" not-run="0" inconclusive="0" ignored="0" skipped="0" invalid="0" date="2022-05-04" time="21:51:55">
  <environment os-version="5.10.102.1-microsoft-standard-WSL2" user="csuser" user-domain="" machine-name="680c46b93eb2" clr-version="Unknown" platform="Linux" cwd="/tests" nunit-version="2.5.8.0" />
  <culture-info current-culture="en-US" current-uiculture="en-US" />
  <test-suite type="TestFixture" name="Pester" executed="True" result="Success" success="True" time="36.1871" asserts="0" description="Pester">
    <results>
      <test-suite type="TestFixture" name="/tests/PSinLinuxCloudShellImage.Tests.ps1" executed="True" result="Success" success="True" time="36.1871" asserts="0" description="/tests/PSinLinuxCloudShellImage.Tests.ps1">
        <results>
          <test-suite type="TestFixture" name="Various programs installed with expected versions" executed="True" result="Success" success="True" time="4.0568" asserts="0" description="Various programs installed with expected versions">
            <results>
              <test-case description="Base OS - CBL-D 10" name="Various programs installed with expected versions.Base OS - CBL-D 10" time="0.186" asserts="0" success="True" result="Success" executed="True" />
              <test-case description="Static Versions" name="Various programs installed with expected versions.Static Versions" time="0.0139" asserts="0" success="True" result="Success" executed="True" />
              <test-case description="Some Versions Installed" name="Various programs installed with expected versions.Some Versions Installed" time="0.0035" asserts="0" success="True" result="Success" executed="True" />
              <test-case description="startupscript" name="Various programs installed with expected versions.startupscript" time="0.0156" asserts="0" success="True" result="Success" executed="True" />
              <test-case description="Compare bash commands to baseline" name="Various programs installed with expected versions.Compare bash commands to baseline" time="0.0701" asserts="0" success="True" result="Success" executed="True" />
              <test-case description="has local paths in $PATH" name="Various programs installed with expected versions.has local paths in $PATH" time="0.0096" asserts="0" success="True" result="Success" executed="True" />
              <test-case description="Has various environment vars" name="Various programs installed with expected versions.Has various environment vars" time="0.0055" asserts="0" success="True" result="Success" executed="True" />
            </results>
          </test-suite>
          <test-suite type="TestFixture" name="PowerShell Modules" executed="True" result="Success" success="True" time="35.783" asserts="0" description="PowerShell Modules">
            <results>
              <test-case description="Single version of Modules are installed" name="PowerShell Modules.Single version of Modules are installed" time="0.2977" asserts="0" success="True" result="Success" executed="True" />
              <test-case description="Az PowerShell Module" name="PowerShell Modules.Az PowerShell Module" time="0.7479" asserts="0" success="True" result="Success" executed="True" />
              <test-case description="Az.Accounts PowerShell Module" name="PowerShell Modules.Az.Accounts PowerShell Module" time="0.6159" asserts="0" success="True" result="Success" executed="True" />
              <test-case description="Az.Resources PowerShell Module" name="PowerShell Modules.Az.Resources PowerShell Module" time="0.5894" asserts="0" success="True" result="Success" executed="True" />
              <test-case description="SHiPS PowerShell Module" name="PowerShell Modules.SHiPS PowerShell Module" time="0.6392" asserts="0" success="True" result="Success" executed="True" />
              <test-case description="AzurePSDrive PowerShell Module" name="PowerShell Modules.AzurePSDrive PowerShell Module" time="0.028" asserts="0" success="True" result="Success" executed="True" />
              <test-case description="PSCloudShellUtility PowerShell Module" name="PowerShell Modules.PSCloudShellUtility PowerShell Module" time="0.0218" asserts="0" success="True" result="Success" executed="True" />
              <test-case description="EXOConnector PowerShell Module" name="PowerShell Modules.EXOConnector PowerShell Module" time="0.0664" asserts="0" success="True" result="Success" executed="True" />
              <test-case description="PowerBI PowerShell Module" name="PowerShell Modules.PowerBI PowerShell Module" time="0.0099" asserts="0" success="True" result="Success" executed="True" />
              <test-case description="Az.GuestConfiguration PowerShell Module" name="PowerShell Modules.Az.GuestConfiguration PowerShell Module" time="0.0139" asserts="0" success="True" result="Success" executed="True" />
              <test-case description="MicrosoftTeams PowerShell Module" name="PowerShell Modules.MicrosoftTeams PowerShell Module" time="1.4363" asserts="0" success="True" result="Success" executed="True" />
              <test-case description="Microsoft.PowerShell.UnixCompleters PowerShell Module" name="PowerShell Modules.Microsoft.PowerShell.UnixCompleters PowerShell Module" time="0.044" asserts="0" success="True" result="Success" executed="True" />
              <test-case description="Initialize AzureAD.Standard.Preview Module" name="PowerShell Modules.Initialize AzureAD.Standard.Preview Module" time="0.4702" asserts="0" success="True" result="Success" executed="True" />
              <test-suite type="ParameterizedTest" name="PowerShell Modules.Import-Module test for &lt;ModuleName&gt;" executed="True" result="Success" success="True" time="26.7317" asserts="0" description="Import-Module test for &lt;ModuleName&gt;">
                <results>
                  <test-case description="Import-Module test for Microsoft.PowerShell.Management" name="PowerShell Modules.Import-Module test for Microsoft.PowerShell.Management" time="0.0178" asserts="0" success="True" result="Success" executed="True" />
                  <test-case description="Import-Module test for PSCloudShellUtility" name="PowerShell Modules.Import-Module test for PSCloudShellUtility" time="0.0233" asserts="0" success="True" result="Success" executed="True" />
                  <test-case description="Import-Module test for SHiPS" name="PowerShell Modules.Import-Module test for SHiPS" time="0.3244" asserts="0" success="True" result="Success" executed="True" />
                  <test-case description="Import-Module test for AzureAD.Standard.Preview" name="PowerShell Modules.Import-Module test for AzureAD.Standard.Preview" time="0.2142" asserts="0" success="True" result="Success" executed="True" />
                  <test-case description="Import-Module test for Az" name="PowerShell Modules.Import-Module test for Az" time="23.9399" asserts="0" success="True" result="Success" executed="True" />
                  <test-case description="Import-Module test for MicrosoftPowerBIMgmt" name="PowerShell Modules.Import-Module test for MicrosoftPowerBIMgmt" time="1.6953" asserts="0" success="True" result="Success" executed="True" />
                  <test-case description="Import-Module test for Az.GuestConfiguration" name="PowerShell Modules.Import-Module test for Az.GuestConfiguration" time="0.3207" asserts="0" success="True" result="Success" executed="True" />
                  <test-case description="Import-Module test for EXOPSSessionConnector" name="PowerShell Modules.Import-Module test for EXOPSSessionConnector" time="0.0175" asserts="0" success="True" result="Success" executed="True" />
                  <test-case description="Import-Module test for MicrosoftTeams" name="PowerShell Modules.Import-Module test for MicrosoftTeams" time="0.0786" asserts="0" success="True" result="Success" executed="True" />
                  <test-case description="Import-Module test for Microsoft.PowerShell.UnixCompleters" name="PowerShell Modules.Import-Module test for Microsoft.PowerShell.UnixCompleters" time="0.1" asserts="0" success="True" result="Success" executed="True" />
                </results>
              </test-suite>
            </results>
          </test-suite>
        </results>
      </test-suite>
    </results>
  </test-suite>
</test-results>